<?xml version="1.0" encoding="UTF-8"?>
<testng-results skipped="0" failed="0" ignored="0" total="1" passed="1">
  <reporter-output>
  </reporter-output>
  <suite name="Default suite" duration-ms="8162" started-at="2018-08-30T11:54:23Z" finished-at="2018-08-30T11:54:31Z">
    <groups>
    </groups>
    <test name="Default test" duration-ms="8162" started-at="2018-08-30T11:54:23Z" finished-at="2018-08-30T11:54:31Z">
      <class name="com.google.gmailAutomation.testcases.LoginPagePasswordTest">
        <test-method status="PASS" signature="setUp()[pri:0, instance:com.google.gmailAutomation.testcases.LoginPagePasswordTest@27efef64]" name="setUp" is-config="true" duration-ms="7319" started-at="2018-08-30T11:54:23Z" finished-at="2018-08-30T11:54:30Z">
          <reporter-output>
          </reporter-output>
        </test-method> <!-- setUp -->
        <test-method status="PASS" signature="testEnterPwdAndNext()[pri:0, instance:com.google.gmailAutomation.testcases.LoginPagePasswordTest@27efef64]" name="testEnterPwdAndNext" duration-ms="823" started-at="2018-08-30T11:54:30Z" finished-at="2018-08-30T11:54:31Z">
          <reporter-output>
          </reporter-output>
        </test-method> <!-- testEnterPwdAndNext -->
        <test-method status="PASS" signature="tearDown()[pri:0, instance:com.google.gmailAutomation.testcases.LoginPagePasswordTest@27efef64]" name="tearDown" is-config="true" duration-ms="1" started-at="2018-08-30T11:54:31Z" finished-at="2018-08-30T11:54:31Z">
          <reporter-output>
          </reporter-output>
        </test-method> <!-- tearDown -->
      </class> <!-- com.google.gmailAutomation.testcases.LoginPagePasswordTest -->
    </test> <!-- Default test -->
  </suite> <!-- Default suite -->
</testng-results>
