<?xml version="1.0" encoding="UTF-8"?>
<testng-results ignored="0" total="3" passed="3" failed="0" skipped="0">
  <reporter-output>
  </reporter-output>
  <suite started-at="2018-08-30T17:11:31Z" name="Gmail Test Automation Test Suite" finished-at="2018-08-30T17:12:12Z" duration-ms="41742">
    <groups>
    </groups>
    <test started-at="2018-08-30T17:11:31Z" name="Gmail Test Cases" finished-at="2018-08-30T17:12:12Z" duration-ms="41742">
      <class name="com.google.gmailAutomation.testcases.LoginPageEmailTest">
        <test-method is-config="true" signature="setUp()[pri:0, instance:com.google.gmailAutomation.testcases.LoginPageEmailTest@37f1104d]" started-at="2018-08-30T17:12:06Z" name="setUp" finished-at="2018-08-30T17:12:11Z" duration-ms="4752" status="PASS">
          <reporter-output>
          </reporter-output>
        </test-method> <!-- setUp -->
        <test-method signature="testEnterUserNameAndNext()[pri:0, instance:com.google.gmailAutomation.testcases.LoginPageEmailTest@37f1104d]" started-at="2018-08-30T17:12:11Z" name="testEnterUserNameAndNext" finished-at="2018-08-30T17:12:12Z" duration-ms="1275" status="PASS">
          <reporter-output>
          </reporter-output>
        </test-method> <!-- testEnterUserNameAndNext -->
        <test-method is-config="true" signature="tearDown()[pri:0, instance:com.google.gmailAutomation.testcases.LoginPageEmailTest@37f1104d]" started-at="2018-08-30T17:12:12Z" name="tearDown" finished-at="2018-08-30T17:12:12Z" duration-ms="71" status="PASS">
          <reporter-output>
          </reporter-output>
        </test-method> <!-- tearDown -->
      </class> <!-- com.google.gmailAutomation.testcases.LoginPageEmailTest -->
      <class name="com.google.gmailAutomation.testcases.InboxPageTest">
        <test-method is-config="true" signature="setUp()[pri:0, instance:com.google.gmailAutomation.testcases.InboxPageTest@740773a3]" started-at="2018-08-30T17:11:39Z" name="setUp" finished-at="2018-08-30T17:11:47Z" duration-ms="8170" status="PASS">
          <reporter-output>
          </reporter-output>
        </test-method> <!-- setUp -->
        <test-method signature="testComposeAndSendMail()[pri:0, instance:com.google.gmailAutomation.testcases.InboxPageTest@740773a3]" started-at="2018-08-30T17:11:47Z" name="testComposeAndSendMail" finished-at="2018-08-30T17:12:06Z" duration-ms="19302" status="PASS">
          <reporter-output>
          </reporter-output>
        </test-method> <!-- testComposeAndSendMail -->
        <test-method is-config="true" signature="tearDown()[pri:0, instance:com.google.gmailAutomation.testcases.InboxPageTest@740773a3]" started-at="2018-08-30T17:12:06Z" name="tearDown" finished-at="2018-08-30T17:12:06Z" duration-ms="71" status="PASS">
          <reporter-output>
          </reporter-output>
        </test-method> <!-- tearDown -->
      </class> <!-- com.google.gmailAutomation.testcases.InboxPageTest -->
      <class name="com.google.gmailAutomation.testcases.LoginPagePasswordTest">
        <test-method is-config="true" signature="setUp()[pri:0, instance:com.google.gmailAutomation.testcases.LoginPagePasswordTest@7748410a]" started-at="2018-08-30T17:11:31Z" name="setUp" finished-at="2018-08-30T17:11:37Z" duration-ms="6679" status="PASS">
          <reporter-output>
          </reporter-output>
        </test-method> <!-- setUp -->
        <test-method signature="testEnterPwdAndNext()[pri:0, instance:com.google.gmailAutomation.testcases.LoginPagePasswordTest@7748410a]" started-at="2018-08-30T17:11:37Z" name="testEnterPwdAndNext" finished-at="2018-08-30T17:11:39Z" duration-ms="1326" status="PASS">
          <reporter-output>
          </reporter-output>
        </test-method> <!-- testEnterPwdAndNext -->
        <test-method is-config="true" signature="tearDown()[pri:0, instance:com.google.gmailAutomation.testcases.LoginPagePasswordTest@7748410a]" started-at="2018-08-30T17:11:39Z" name="tearDown" finished-at="2018-08-30T17:11:39Z" duration-ms="69" status="PASS">
          <reporter-output>
          </reporter-output>
        </test-method> <!-- tearDown -->
      </class> <!-- com.google.gmailAutomation.testcases.LoginPagePasswordTest -->
    </test> <!-- Gmail Test Cases -->
  </suite> <!-- Gmail Test Automation Test Suite -->
</testng-results>
