<?xml version="1.0" encoding="UTF-8"?>
<!-- Generated by org.testng.reporters.JUnitXMLReporter -->
<testsuite ignored="0" hostname="Aspire-A515-51G" failures="0" tests="3" name="Gmail Test Cases" time="41.742" errors="0" timestamp="30 Aug 2018 17:12:12 GMT">
  <testcase classname="com.google.gmailAutomation.testcases.LoginPagePasswordTest" name="testEnterPwdAndNext" time="1.326"/>
  <testcase classname="com.google.gmailAutomation.testcases.InboxPageTest" name="testComposeAndSendMail" time="19.302"/>
  <testcase classname="com.google.gmailAutomation.testcases.LoginPageEmailTest" name="testEnterUserNameAndNext" time="1.275"/>
</testsuite> <!-- Gmail Test Cases -->
